2023-10-27 20:36:32:3632 - [32minfo[39m: 
2023-10-27 20:36:43:3643 - [32minfo[39m: [32mserver listening on port[39m
2023-10-27 20:36:45:3645 - [32minfo[39m: [32mserver listening on port   [39m
2023-10-27 20:36:49:3649 - [32minfo[39m: [32mserver listening on port   [39m
2023-10-27 20:36:52:3652 - [32minfo[39m: [32mserver listening on port [39m
2023-10-27 20:36:57:3657 - [32minfo[39m: [32mserver listening on port 3000[39m
2023-10-27 20:37:24:3724 - [32minfo[39m: [32mserver listening on port 3000[39m
2023-10-27 20:37:48:3748 - [32minfo[39m: [32mServer listening on port 3000[39m
2023-10-27 20:38:52:3852 - [32minfo[39m: [32mConnected to MongoDB![39m
2023-10-27 20:38:52:3852 - [32minfo[39m: [32mServer listening on port 3000[39m
2023-10-27 20:39:17:3917 - [32minfo[39m: [32mConnected to MongoDB![39m
2023-10-27 20:39:17:3917 - [32minfo[39m: [32mServer listening on port 3000[39m
2023-10-27 20:39:20:3920 - [32minfo[39m: [32mConnected to MongoDB![39m
2023-10-27 20:39:20:3920 - [32minfo[39m: [32mServer listening on port 3000[39m
2023-10-27 20:40:18:4018 - [32minfo[39m: [32mConnected to MongoDB![39m
2023-10-27 20:40:18:4018 - [32minfo[39m: [32mServer listening on port 3000[39m
2023-10-27 20:44:25:4425 - [32minfo[39m: [32mConnected to MongoDB![39m
2023-10-27 20:44:25:4425 - [32minfo[39m: [32mServer listening on port 3000[39m
2023-10-29 22:36:37:3637 - [32minfo[39m: [32mConnected to MongoDB![39m
2023-10-29 22:36:37:3637 - [32minfo[39m: [32mServer listening on port 3000[39m
2023-10-29 22:37:30:3730 - [32minfo[39m: [32mConnected to MongoDB![39m
2023-10-29 22:37:30:3730 - [32minfo[39m: [32mServer listening on port 3000[39m
2023-10-29 22:37:34:3734 - [32minfo[39m: [32mConnected to MongoDB![39m
2023-10-29 22:37:34:3734 - [32minfo[39m: [32mServer listening on port 3000[39m
2023-10-29 22:37:40:3740 - [32minfo[39m: [32mConnected to MongoDB![39m
2023-10-29 22:37:40:3740 - [32minfo[39m: [32mServer listening on port 3000[39m
2023-10-29 22:38:27:3827 - [32minfo[39m: [32mConnected to MongoDB![39m
2023-10-29 22:38:27:3827 - [32minfo[39m: [32mServer listening on port 3000[39m
2023-10-29 22:38:35:3835 - [32minfo[39m: [32mConnected to MongoDB![39m
2023-10-29 22:38:35:3835 - [32minfo[39m: [32mServer listening on port 3000[39m
2023-10-29 22:38:37:3837 - [32minfo[39m: [32mConnected to MongoDB![39m
2023-10-29 22:38:37:3837 - [32minfo[39m: [32mServer listening on port 3000[39m
2023-10-29 22:38:39:3839 - [32minfo[39m: [32mConnected to MongoDB![39m
2023-10-29 22:38:39:3839 - [32minfo[39m: [32mServer listening on port 3000[39m
2023-10-29 22:41:13:4113 - [32minfo[39m: [32mConnected to MongoDB![39m
2023-10-29 22:41:13:4113 - [32minfo[39m: [32mServer listening on port 3000[39m
2023-10-29 22:41:19:4119 - [35mhttp[39m: [35mGET /api/test 200 25 - 5.852 ms[39m
[35m[39m
2023-10-29 22:56:01:561 - [32minfo[39m: [32mConnected to MongoDB![39m
2023-10-29 22:56:01:561 - [32minfo[39m: [32mServer listening on port 3000[39m
2023-10-29 22:56:15:5615 - [32minfo[39m: [32mConnected to MongoDB![39m
2023-10-29 22:56:15:5615 - [32minfo[39m: [32mServer listening on port 3000[39m
2023-10-29 22:56:22:5622 - [32minfo[39m: [32mConnected to MongoDB![39m
2023-10-29 22:56:22:5622 - [32minfo[39m: [32mServer listening on port 3000[39m
2023-10-29 22:56:25:5625 - [32minfo[39m: [32mConnected to MongoDB![39m
2023-10-29 22:56:25:5625 - [32minfo[39m: [32mServer listening on port 3000[39m
2023-10-29 22:56:31:5631 - [32minfo[39m: [32mConnected to MongoDB![39m
2023-10-29 22:56:31:5631 - [32minfo[39m: [32mServer listening on port 3000[39m
2023-10-29 22:56:58:5658 - [32minfo[39m: [32mConnected to MongoDB![39m
2023-10-29 22:56:58:5658 - [32minfo[39m: [32mServer listening on port 3000[39m
2023-10-29 22:57:14:5714 - [32minfo[39m: [32mConnected to MongoDB![39m
2023-10-29 22:57:14:5714 - [32minfo[39m: [32mServer listening on port 3000[39m
2023-10-29 22:57:20:5720 - [32minfo[39m: [32mConnected to MongoDB![39m
2023-10-29 22:57:20:5720 - [32minfo[39m: [32mServer listening on port 3000[39m
2023-10-29 22:57:22:5722 - [32minfo[39m: [32mConnected to MongoDB![39m
2023-10-29 22:57:22:5722 - [32minfo[39m: [32mServer listening on port 3000[39m
2023-10-29 22:57:24:5724 - [32minfo[39m: [32mConnected to MongoDB![39m
2023-10-29 22:57:24:5724 - [32minfo[39m: [32mServer listening on port 3000[39m
2023-10-29 22:57:25:5725 - [32minfo[39m: [32mConnected to MongoDB![39m
2023-10-29 22:57:25:5725 - [32minfo[39m: [32mServer listening on port 3000[39m
2023-10-29 22:58:50:5850 - [32minfo[39m: [32mConnected to MongoDB![39m
2023-10-29 22:58:50:5850 - [32minfo[39m: [32mServer listening on port 3000[39m
2023-10-29 22:58:55:5855 - [32minfo[39m: [32mConnected to MongoDB![39m
2023-10-29 22:58:55:5855 - [32minfo[39m: [32mServer listening on port 3000[39m
2023-10-29 22:59:13:5913 - [32minfo[39m: [32mConnected to MongoDB![39m
2023-10-29 22:59:13:5913 - [32minfo[39m: [32mServer listening on port 3000[39m
2023-10-29 22:59:16:5916 - [35mhttp[39m: [35mPOST /api/movie 200 40 - 1.474 ms[39m
[35m[39m
2023-10-31 11:38:56:3856 - [31merror[39m: [31mError connecting:[39m
2023-10-31 11:39:54:3954 - [31merror[39m: [31mError connecting:[39m
2023-10-31 11:40:43:4043 - [31merror[39m: [31mError connecting:[39m
2023-10-31 11:41:57:4157 - [35mhttp[39m: [35mPOST /api/movie 200 40 - 1.404 ms[39m
[35m[39m
2023-10-31 11:43:26:4326 - [35mhttp[39m: [35mPOST /api/movie 200 40 - 1.475 ms[39m
[35m[39m
2023-10-31 11:43:29:4329 - [35mhttp[39m: [35mPOST /api/movie 200 40 - 0.493 ms[39m
[35m[39m
2023-10-31 11:43:46:4346 - [31merror[39m: [31mError connecting:[39m
2023-10-31 11:46:49:4649 - [32minfo[39m: [32mConnected to MongoDB![39m
2023-10-31 11:46:49:4649 - [32minfo[39m: [32mServer listening on port 3000[39m
2023-10-31 11:46:56:4656 - [32minfo[39m: [32mConnected to MongoDB![39m
2023-10-31 11:46:56:4656 - [32minfo[39m: [32mServer listening on port 3000[39m
2023-10-31 11:47:30:4730 - [32minfo[39m: [32mConnected to MongoDB![39m
2023-10-31 11:47:30:4730 - [32minfo[39m: [32mServer listening on port 3000[39m
2023-10-31 11:51:25:5125 - [32minfo[39m: [32mConnected to MongoDB![39m
2023-10-31 11:51:25:5125 - [32minfo[39m: [32mServer listening on port 3000[39m
2023-10-31 11:51:29:5129 - [32minfo[39m: [32mConnected to MongoDB![39m
2023-10-31 11:51:29:5129 - [32minfo[39m: [32mServer listening on port 3000[39m
2023-10-31 11:51:39:5139 - [32minfo[39m: [32mConnected to MongoDB![39m
2023-10-31 11:51:39:5139 - [32minfo[39m: [32mServer listening on port 3000[39m
2023-10-31 11:51:42:5142 - [32minfo[39m: [32mConnected to MongoDB![39m
2023-10-31 11:51:42:5142 - [32minfo[39m: [32mServer listening on port 3000[39m
2023-10-31 11:51:48:5148 - [32minfo[39m: [32mConnected to MongoDB![39m
2023-10-31 11:51:48:5148 - [32minfo[39m: [32mServer listening on port 3000[39m
2023-10-31 11:54:32:5432 - [35mhttp[39m: [35mPOST /api/movie 400 1059 - 12.766 ms[39m
[35m[39m
2023-10-31 11:54:57:5457 - [35mhttp[39m: [35mPOST /api/movie 200 40 - 2.772 ms[39m
[35m[39m
2023-10-31 11:55:15:5515 - [32minfo[39m: [32mConnected to MongoDB![39m
2023-10-31 11:55:15:5515 - [32minfo[39m: [32mServer listening on port 3000[39m
2023-10-31 11:55:31:5531 - [32minfo[39m: [32mConnected to MongoDB![39m
2023-10-31 11:55:31:5531 - [32minfo[39m: [32mServer listening on port 3000[39m
2023-10-31 11:55:50:5550 - [32minfo[39m: [32mConnected to MongoDB![39m
2023-10-31 11:55:50:5550 - [32minfo[39m: [32mServer listening on port 3000[39m
2023-10-31 11:55:52:5552 - [32minfo[39m: [32mConnected to MongoDB![39m
2023-10-31 11:55:52:5552 - [32minfo[39m: [32mServer listening on port 3000[39m
2023-10-31 11:56:00:560 - [32minfo[39m: [32mConnected to MongoDB![39m
2023-10-31 11:56:00:560 - [32minfo[39m: [32mServer listening on port 3000[39m
2023-10-31 11:56:13:5613 - [32minfo[39m: [32mConnected to MongoDB![39m
2023-10-31 11:56:13:5613 - [32minfo[39m: [32mServer listening on port 3000[39m
2023-10-31 11:56:14:5614 - [32minfo[39m: [32mConnected to MongoDB![39m
2023-10-31 11:56:14:5614 - [32minfo[39m: [32mServer listening on port 3000[39m
2023-10-31 11:56:15:5615 - [32minfo[39m: [32mConnected to MongoDB![39m
2023-10-31 11:56:15:5615 - [32minfo[39m: [32mServer listening on port 3000[39m
2023-10-31 11:56:18:5618 - [32minfo[39m: [32mConnected to MongoDB![39m
2023-10-31 11:56:18:5618 - [32minfo[39m: [32mServer listening on port 3000[39m
2023-10-31 11:56:20:5620 - [32minfo[39m: [32mConnected to MongoDB![39m
2023-10-31 11:56:20:5620 - [32minfo[39m: [32mServer listening on port 3000[39m
2023-10-31 11:56:34:5634 - [32minfo[39m: [32mConnected to MongoDB![39m
2023-10-31 11:56:34:5634 - [32minfo[39m: [32mServer listening on port 3000[39m
2023-10-31 11:56:43:5643 - [32minfo[39m: [32mConnected to MongoDB![39m
2023-10-31 11:56:43:5643 - [32minfo[39m: [32mServer listening on port 3000[39m
2023-10-31 11:56:45:5645 - [32minfo[39m: [32mConnected to MongoDB![39m
2023-10-31 11:56:45:5645 - [32minfo[39m: [32mServer listening on port 3000[39m
2023-10-31 11:56:58:5658 - [32minfo[39m: [32mConnected to MongoDB![39m
2023-10-31 11:56:58:5658 - [32minfo[39m: [32mServer listening on port 3000[39m
2023-10-31 11:57:05:575 - [32minfo[39m: [32mConnected to MongoDB![39m
2023-10-31 11:57:05:575 - [32minfo[39m: [32mServer listening on port 3000[39m
2023-10-31 11:57:13:5713 - [32minfo[39m: [32mConnected to MongoDB![39m
2023-10-31 11:57:13:5713 - [32minfo[39m: [32mServer listening on port 3000[39m
2023-10-31 11:57:18:5718 - [32minfo[39m: [32mConnected to MongoDB![39m
2023-10-31 11:57:18:5718 - [32minfo[39m: [32mServer listening on port 3000[39m
2023-10-31 11:57:21:5721 - [32minfo[39m: [32mConnected to MongoDB![39m
2023-10-31 11:57:21:5721 - [32minfo[39m: [32mServer listening on port 3000[39m
2023-10-31 11:57:22:5722 - [32minfo[39m: [32mConnected to MongoDB![39m
2023-10-31 11:57:22:5722 - [32minfo[39m: [32mServer listening on port 3000[39m
2023-10-31 11:57:27:5727 - [32minfo[39m: [32mConnected to MongoDB![39m
2023-10-31 11:57:27:5727 - [32minfo[39m: [32mServer listening on port 3000[39m
2023-10-31 11:57:30:5730 - [32minfo[39m: [32mConnected to MongoDB![39m
2023-10-31 11:57:30:5730 - [32minfo[39m: [32mServer listening on port 3000[39m
2023-10-31 11:57:31:5731 - [32minfo[39m: [32mConnected to MongoDB![39m
2023-10-31 11:57:31:5731 - [32minfo[39m: [32mServer listening on port 3000[39m
2023-10-31 11:57:52:5752 - [32minfo[39m: [32mConnected to MongoDB![39m
2023-10-31 11:57:52:5752 - [32minfo[39m: [32mServer listening on port 3000[39m
2023-10-31 11:58:00:580 - [35mhttp[39m: [35mPOST /api/movie 201 252 - 21.139 ms[39m
[35m[39m
2023-10-31 11:59:29:5929 - [35mhttp[39m: [35mPOST /api/movie 201 252 - 15.782 ms[39m
[35m[39m
2023-10-31 12:01:27:127 - [35mhttp[39m: [35mPOST /api/movie 201 252 - 14.627 ms[39m
[35m[39m
2023-10-31 12:01:58:158 - [35mhttp[39m: [35mPOST /api/movie 201 252 - 2.854 ms[39m
[35m[39m
2023-10-31 12:02:05:25 - [35mhttp[39m: [35mPOST /api/movie 201 252 - 2.348 ms[39m
[35m[39m
2023-10-31 12:03:13:313 - [35mhttp[39m: [35mPOST /api/movie 201 370 - 16.168 ms[39m
[35m[39m
2023-10-31 13:20:33:2033 - [32minfo[39m: [32mConnected to MongoDB![39m
2023-10-31 13:20:33:2033 - [32minfo[39m: [32mServer listening on port 3000[39m
2023-10-31 13:20:51:2051 - [32minfo[39m: [32mConnected to MongoDB![39m
2023-10-31 13:20:51:2051 - [32minfo[39m: [32mServer listening on port 3000[39m
2023-10-31 13:20:53:2053 - [32minfo[39m: [32mConnected to MongoDB![39m
2023-10-31 13:20:53:2053 - [32minfo[39m: [32mServer listening on port 3000[39m
2023-10-31 14:08:43:843 - [32minfo[39m: [32mConnected to MongoDB![39m
2023-10-31 14:08:43:843 - [32minfo[39m: [32mServer listening on port 3000[39m
2023-10-31 14:08:45:845 - [32minfo[39m: [32mConnected to MongoDB![39m
2023-10-31 14:08:45:845 - [32minfo[39m: [32mServer listening on port 3000[39m
2023-10-31 14:08:49:849 - [32minfo[39m: [32mConnected to MongoDB![39m
2023-10-31 14:08:49:849 - [32minfo[39m: [32mServer listening on port 3000[39m
2023-10-31 14:08:50:850 - [32minfo[39m: [32mConnected to MongoDB![39m
2023-10-31 14:08:50:850 - [32minfo[39m: [32mServer listening on port 3000[39m
2023-10-31 14:08:59:859 - [32minfo[39m: [32mConnected to MongoDB![39m
2023-10-31 14:08:59:859 - [32minfo[39m: [32mServer listening on port 3000[39m
2023-10-31 14:09:02:92 - [32minfo[39m: [32mConnected to MongoDB![39m
2023-10-31 14:09:02:92 - [32minfo[39m: [32mServer listening on port 3000[39m
2023-10-31 14:09:05:95 - [32minfo[39m: [32mConnected to MongoDB![39m
2023-10-31 14:09:05:95 - [32minfo[39m: [32mServer listening on port 3000[39m
2023-10-31 14:09:06:96 - [32minfo[39m: [32mConnected to MongoDB![39m
2023-10-31 14:09:06:96 - [32minfo[39m: [32mServer listening on port 3000[39m
2023-10-31 14:09:08:98 - [32minfo[39m: [32mConnected to MongoDB![39m
2023-10-31 14:09:08:98 - [32minfo[39m: [32mServer listening on port 3000[39m
2023-10-31 15:05:49:549 - [32minfo[39m: [32mConnected to MongoDB![39m
2023-10-31 15:05:49:549 - [32minfo[39m: [32mServer listening on port 3000[39m
2023-10-31 15:05:52:552 - [32minfo[39m: [32mConnected to MongoDB![39m
2023-10-31 15:05:52:552 - [32minfo[39m: [32mServer listening on port 3000[39m
2023-10-31 15:06:17:617 - [32minfo[39m: [32mMovie created successfully[39m
2023-10-31 15:06:17:617 - [35mhttp[39m: [35mPOST /api/movie 201 370 - 23.487 ms[39m
[35m[39m
2023-10-31 15:10:15:1015 - [32minfo[39m: [32mConnected to MongoDB![39m
2023-10-31 15:10:15:1015 - [32minfo[39m: [32mServer listening on port 3000[39m
2023-10-31 15:10:19:1019 - [32minfo[39m: [32mConnected to MongoDB![39m
2023-10-31 15:10:19:1019 - [32minfo[39m: [32mServer listening on port 3000[39m
2023-10-31 15:10:22:1022 - [32minfo[39m: [32mConnected to MongoDB![39m
2023-10-31 15:10:22:1022 - [32minfo[39m: [32mServer listening on port 3000[39m
2023-10-31 15:10:34:1034 - [32minfo[39m: [32mConnected to MongoDB![39m
2023-10-31 15:10:34:1034 - [32minfo[39m: [32mServer listening on port 3000[39m
2023-10-31 15:10:37:1037 - [32minfo[39m: [32mConnected to MongoDB![39m
2023-10-31 15:10:37:1037 - [32minfo[39m: [32mServer listening on port 3000[39m
2023-10-31 15:11:01:111 - [32minfo[39m: [32mConnected to MongoDB![39m
2023-10-31 15:11:01:111 - [32minfo[39m: [32mServer listening on port 3000[39m
2023-10-31 15:11:04:114 - [32minfo[39m: [32mConnected to MongoDB![39m
2023-10-31 15:11:04:114 - [32minfo[39m: [32mServer listening on port 3000[39m
2023-10-31 15:11:16:1116 - [32minfo[39m: [32mConnected to MongoDB![39m
2023-10-31 15:11:16:1116 - [32minfo[39m: [32mServer listening on port 3000[39m
2023-10-31 15:11:19:1119 - [32minfo[39m: [32mConnected to MongoDB![39m
2023-10-31 15:11:19:1119 - [32minfo[39m: [32mServer listening on port 3000[39m
2023-10-31 15:11:21:1121 - [32minfo[39m: [32mConnected to MongoDB![39m
2023-10-31 15:11:21:1121 - [32minfo[39m: [32mServer listening on port 3000[39m
2023-10-31 15:11:22:1122 - [32minfo[39m: [32mConnected to MongoDB![39m
2023-10-31 15:11:22:1122 - [32minfo[39m: [32mServer listening on port 3000[39m
2023-10-31 15:11:25:1125 - [32minfo[39m: [32mConnected to MongoDB![39m
2023-10-31 15:11:25:1125 - [32minfo[39m: [32mServer listening on port 3000[39m
2023-10-31 15:11:26:1126 - [32minfo[39m: [32mConnected to MongoDB![39m
2023-10-31 15:11:26:1126 - [32minfo[39m: [32mServer listening on port 3000[39m
2023-10-31 15:11:30:1130 - [32minfo[39m: [32mConnected to MongoDB![39m
2023-10-31 15:11:30:1130 - [32minfo[39m: [32mServer listening on port 3000[39m
2023-10-31 15:11:37:1137 - [32minfo[39m: [32mConnected to MongoDB![39m
2023-10-31 15:11:37:1137 - [32minfo[39m: [32mServer listening on port 3000[39m
2023-10-31 15:11:43:1143 - [32minfo[39m: [32mConnected to MongoDB![39m
2023-10-31 15:11:43:1143 - [32minfo[39m: [32mServer listening on port 3000[39m
2023-10-31 15:11:48:1148 - [32minfo[39m: [32mConnected to MongoDB![39m
2023-10-31 15:11:48:1148 - [32minfo[39m: [32mServer listening on port 3000[39m
2023-10-31 15:11:58:1158 - [32minfo[39m: [32mConnected to MongoDB![39m
2023-10-31 15:11:58:1158 - [32minfo[39m: [32mServer listening on port 3000[39m
2023-10-31 15:12:35:1235 - [32minfo[39m: [32mConnected to MongoDB![39m
2023-10-31 15:12:35:1235 - [32minfo[39m: [32mServer listening on port 3000[39m
2023-10-31 15:12:39:1239 - [32minfo[39m: [32mConnected to MongoDB![39m
2023-10-31 15:12:39:1239 - [32minfo[39m: [32mServer listening on port 3000[39m
2023-10-31 15:13:10:1310 - [32minfo[39m: [32mConnected to MongoDB![39m
2023-10-31 15:13:10:1310 - [32minfo[39m: [32mServer listening on port 3000[39m
2023-10-31 15:13:13:1313 - [32minfo[39m: [32mConnected to MongoDB![39m
2023-10-31 15:13:13:1313 - [32minfo[39m: [32mServer listening on port 3000[39m
2023-10-31 15:13:21:1321 - [32minfo[39m: [32mConnected to MongoDB![39m
2023-10-31 15:13:21:1321 - [32minfo[39m: [32mServer listening on port 3000[39m
2023-10-31 15:13:40:1340 - [32minfo[39m: [32mConnected to MongoDB![39m
2023-10-31 15:13:40:1340 - [31merror[39m: [31mServer listening on port 3000[39m
2023-10-31 15:13:44:1344 - [32minfo[39m: [32mConnected to MongoDB![39m
2023-10-31 15:13:44:1344 - [32minfo[39m: [32mServer listening on port 3000[39m
2023-10-31 15:13:55:1355 - [32minfo[39m: [32mConnected to MongoDB![39m
2023-10-31 15:13:55:1355 - [32minfo[39m: [32mServer listening on port 3000[39m
2023-10-31 15:14:00:140 - [32minfo[39m: [32mConnected to MongoDB![39m
2023-10-31 15:14:00:140 - [32minfo[39m: [32mServer listening on port 3000[39m
2023-10-31 15:14:20:1420 - [32minfo[39m: [32mConnected to MongoDB![39m
2023-10-31 15:14:20:1420 - [32minfo[39m: [32mServer listening on port 3000[39m
2023-10-31 15:14:28:1428 - [32minfo[39m: [32mConnected to MongoDB![39m
2023-10-31 15:14:28:1428 - [32minfo[39m: [32mServer listening on port 3000[39m
2023-10-31 15:14:37:1437 - [32minfo[39m: [32mConnected to MongoDB![39m
2023-10-31 15:14:37:1437 - [32minfo[39m: [32mServer listening on port 3000[39m
2023-10-31 15:14:40:1440 - [32minfo[39m: [32mConnected to MongoDB![39m
2023-10-31 15:14:40:1440 - [32minfo[39m: [32mServer listening on port 3000[39m
2023-10-31 15:14:45:1445 - [32minfo[39m: [32mConnected to MongoDB![39m
2023-10-31 15:14:45:1445 - [32minfo[39m: [32mServer listening on port 3000[39m
2023-10-31 15:15:10:1510 - [32minfo[39m: [32mConnected to MongoDB![39m
2023-10-31 15:15:10:1510 - [32minfo[39m: [32mServer listening on port 3000[39m
2023-10-31 15:15:18:1518 - [32minfo[39m: [32mConnected to MongoDB![39m
2023-10-31 15:15:18:1518 - [32minfo[39m: [32mServer listening on port 3000[39m
2023-10-31 15:15:20:1520 - [32minfo[39m: [32mConnected to MongoDB![39m
2023-10-31 15:15:20:1520 - [32minfo[39m: [32mServer listening on port 3000[39m
2023-10-31 15:15:24:1524 - [32minfo[39m: [32mConnected to MongoDB![39m
2023-10-31 15:15:24:1524 - [32minfo[39m: [32mServer listening on port 3000[39m
2023-10-31 15:15:45:1545 - [32minfo[39m: [32mConnected to MongoDB![39m
2023-10-31 15:15:45:1545 - [32minfo[39m: [32mServer listening on port 3000[39m
2023-10-31 15:15:46:1546 - [32minfo[39m: [32mConnected to MongoDB![39m
2023-10-31 15:15:46:1546 - [32minfo[39m: [32mServer listening on port 3000[39m
2023-10-31 15:15:49:1549 - [32minfo[39m: [32mConnected to MongoDB![39m
2023-10-31 15:15:49:1549 - [32minfo[39m: [32mServer listening on port 3000[39m
2023-10-31 15:15:53:1553 - [32minfo[39m: [32mConnected to MongoDB![39m
2023-10-31 15:15:53:1553 - [32minfo[39m: [32mServer listening on port 3000[39m
2023-10-31 15:15:55:1555 - [32minfo[39m: [32mConnected to MongoDB![39m
2023-10-31 15:15:55:1555 - [32minfo[39m: [32mServer listening on port 3000[39m
2023-10-31 15:16:03:163 - [32minfo[39m: [32mConnected to MongoDB![39m
2023-10-31 15:16:03:163 - [32minfo[39m: [32mServer listening on port 3000[39m
2023-10-31 15:16:11:1611 - [32minfo[39m: [32mConnected to MongoDB![39m
2023-10-31 15:16:11:1611 - [32minfo[39m: [32mServer listening on port 3000[39m
2023-10-31 15:16:57:1657 - [32minfo[39m: [32mConnected to MongoDB![39m
2023-10-31 15:16:57:1657 - [32minfo[39m: [32mServer listening on port 3000[39m
2023-10-31 15:17:04:174 - [32minfo[39m: [32mConnected to MongoDB![39m
2023-10-31 15:17:04:174 - [32minfo[39m: [32mServer listening on port 3000[39m
2023-10-31 15:17:49:1749 - [32minfo[39m: [32mConnected to MongoDB![39m
2023-10-31 15:17:49:1749 - [32minfo[39m: [32mServer listening on port 3000[39m
2023-10-31 15:17:53:1753 - [32minfo[39m: [32mConnected to MongoDB![39m
2023-10-31 15:17:53:1753 - [32minfo[39m: [32mServer listening on port 3000[39m
2023-10-31 15:17:54:1754 - [32minfo[39m: [32mConnected to MongoDB![39m
2023-10-31 15:17:54:1754 - [32minfo[39m: [32mServer listening on port 3000[39m
2023-10-31 15:17:55:1755 - [32minfo[39m: [32mConnected to MongoDB![39m
2023-10-31 15:17:55:1755 - [32minfo[39m: [32mServer listening on port 3000[39m
2023-10-31 15:18:00:180 - [32minfo[39m: [32mConnected to MongoDB![39m
2023-10-31 15:18:00:180 - [32minfo[39m: [32mServer listening on port 3000[39m
2023-10-31 15:18:05:185 - [32minfo[39m: [32mConnected to MongoDB![39m
2023-10-31 15:18:05:185 - [32minfo[39m: [32mServer listening on port 3000[39m
2023-10-31 15:18:06:186 - [32minfo[39m: [32mConnected to MongoDB![39m
2023-10-31 15:18:06:186 - [32minfo[39m: [32mServer listening on port 3000[39m
2023-10-31 15:18:12:1812 - [32minfo[39m: [32mConnected to MongoDB![39m
2023-10-31 15:18:12:1812 - [32minfo[39m: [32mServer listening on port 3000[39m
2023-10-31 15:18:15:1815 - [32minfo[39m: [32mConnected to MongoDB![39m
2023-10-31 15:18:15:1815 - [32minfo[39m: [32mServer listening on port 3000[39m
2023-10-31 15:18:28:1828 - [32minfo[39m: [32mConnected to MongoDB![39m
2023-10-31 15:18:28:1828 - [32minfo[39m: [32mServer listening on port 3000[39m
2023-10-31 15:18:34:1834 - [32minfo[39m: [32mConnected to MongoDB![39m
2023-10-31 15:18:34:1834 - [32minfo[39m: [32mServer listening on port 3000[39m
2023-10-31 15:18:57:1857 - [32minfo[39m: [32mConnected to MongoDB![39m
2023-10-31 15:18:57:1857 - [32minfo[39m: [32mServer listening on port 3000[39m
2023-10-31 15:19:01:191 - [32minfo[39m: [32mConnected to MongoDB![39m
2023-10-31 15:19:01:191 - [32minfo[39m: [32mServer listening on port 3000[39m
2023-10-31 15:19:14:1914 - [32minfo[39m: [32mConnected to MongoDB![39m
2023-10-31 15:19:14:1914 - [32minfo[39m: [32mServer listening on port 3000[39m
2023-10-31 15:19:20:1920 - [32minfo[39m: [32mConnected to MongoDB![39m
2023-10-31 15:19:20:1920 - [32minfo[39m: [32mServer listening on port 3000[39m
2023-10-31 15:19:24:1924 - [32minfo[39m: [32mConnected to MongoDB![39m
2023-10-31 15:19:24:1924 - [32minfo[39m: [32mServer listening on port 3000[39m
2023-10-31 15:19:26:1926 - [32minfo[39m: [32mConnected to MongoDB![39m
2023-10-31 15:19:26:1926 - [32minfo[39m: [32mServer listening on port 3000[39m
2023-10-31 15:19:27:1927 - [32minfo[39m: [32mConnected to MongoDB![39m
2023-10-31 15:19:27:1927 - [32minfo[39m: [32mServer listening on port 3000[39m
2023-10-31 15:19:31:1931 - [32minfo[39m: [32mConnected to MongoDB![39m
2023-10-31 15:19:31:1931 - [32minfo[39m: [32mServer listening on port 3000[39m
2023-10-31 15:19:33:1933 - [32minfo[39m: [32mConnected to MongoDB![39m
2023-10-31 15:19:33:1933 - [32minfo[39m: [32mServer listening on port 3000[39m
2023-10-31 15:19:37:1937 - [32minfo[39m: [32mConnected to MongoDB![39m
2023-10-31 15:19:37:1937 - [32minfo[39m: [32mServer listening on port 3000[39m
2023-10-31 15:19:39:1939 - [32minfo[39m: [32mConnected to MongoDB![39m
2023-10-31 15:19:39:1939 - [32minfo[39m: [32mServer listening on port 3000[39m
2023-10-31 15:19:40:1940 - [32minfo[39m: [32mConnected to MongoDB![39m
2023-10-31 15:19:40:1940 - [32minfo[39m: [32mServer listening on port 3000[39m
2023-10-31 15:19:42:1942 - [32minfo[39m: [32mConnected to MongoDB![39m
2023-10-31 15:19:42:1942 - [32minfo[39m: [32mServer listening on port 3000[39m
2023-10-31 15:19:46:1946 - [32minfo[39m: [32mConnected to MongoDB![39m
2023-10-31 15:19:46:1946 - [32minfo[39m: [32mServer listening on port 3000[39m
2023-10-31 15:19:48:1948 - [32minfo[39m: [32mConnected to MongoDB![39m
2023-10-31 15:19:48:1948 - [32minfo[39m: [32mServer listening on port 3000[39m
2023-10-31 15:19:53:1953 - [32minfo[39m: [32mConnected to MongoDB![39m
2023-10-31 15:19:53:1953 - [32minfo[39m: [32mServer listening on port 3000[39m
2023-10-31 15:19:57:1957 - [32minfo[39m: [32mConnected to MongoDB![39m
2023-10-31 15:19:57:1957 - [32minfo[39m: [32mServer listening on port 3000[39m
2023-10-31 15:20:00:200 - [32minfo[39m: [32mConnected to MongoDB![39m
2023-10-31 15:20:00:200 - [32minfo[39m: [32mServer listening on port 3000[39m
2023-10-31 15:20:02:202 - [32minfo[39m: [32mConnected to MongoDB![39m
2023-10-31 15:20:02:202 - [32minfo[39m: [32mServer listening on port 3000[39m
2023-10-31 15:20:03:203 - [32minfo[39m: [32mConnected to MongoDB![39m
2023-10-31 15:20:03:203 - [32minfo[39m: [32mServer listening on port 3000[39m
2023-10-31 15:20:22:2022 - [32minfo[39m: [32mConnected to MongoDB![39m
2023-10-31 15:20:22:2022 - [32minfo[39m: [32mServer listening on port 3000[39m
2023-10-31 15:20:26:2026 - [32minfo[39m: [32mConnected to MongoDB![39m
2023-10-31 15:20:26:2026 - [32minfo[39m: [32mServer listening on port 3000[39m
2023-10-31 15:20:33:2033 - [32minfo[39m: [32mConnected to MongoDB![39m
2023-10-31 15:20:33:2033 - [32minfo[39m: [32mServer listening on port 3000[39m
2023-10-31 15:20:40:2040 - [32minfo[39m: [32mConnected to MongoDB![39m
2023-10-31 15:20:40:2040 - [32minfo[39m: [32mServer listening on port 3000[39m
2023-10-31 15:20:47:2047 - [32minfo[39m: [32mConnected to MongoDB![39m
2023-10-31 15:20:47:2047 - [32minfo[39m: [32mServer listening on port 3000[39m
2023-10-31 15:20:59:2059 - [32minfo[39m: [32mConnected to MongoDB![39m
2023-10-31 15:20:59:2059 - [32minfo[39m: [32mServer listening on port 3000[39m
2023-10-31 15:58:44:5844 - [32minfo[39m: [32mConnected to MongoDB![39m
2023-10-31 15:58:44:5844 - [32minfo[39m: [32mServer listening on port 3000[39m
2023-10-31 15:59:50:5950 - [35mhttp[39m: [35mGET /movie/654142193f5effc4a937ed33 404 169 - 1.303 ms[39m
[35m[39m
2023-10-31 16:00:35:035 - [32minfo[39m: [32mConnected to MongoDB![39m
2023-10-31 16:00:35:035 - [32minfo[39m: [32mServer listening on port 3000[39m
2023-10-31 16:00:53:053 - [35mhttp[39m: [35mGET /movie/654142193f5effc4a937ed33 404 169 - 1.332 ms[39m
[35m[39m
2023-10-31 16:01:38:138 - [35mhttp[39m: [35mGET /movie/654142193f5effc4a937ed33 404 169 - 0.712 ms[39m
[35m[39m
2023-10-31 16:01:38:138 - [35mhttp[39m: [35mGET /movie/654142193f5effc4a937ed33 404 169 - 0.777 ms[39m
[35m[39m
2023-10-31 16:02:02:22 - [32minfo[39m: [32mConnected to MongoDB![39m
2023-10-31 16:02:02:22 - [32minfo[39m: [32mServer listening on port 3000[39m
2023-10-31 16:02:03:23 - [32minfo[39m: [32mConnected to MongoDB![39m
2023-10-31 16:02:03:23 - [32minfo[39m: [32mServer listening on port 3000[39m
2023-10-31 16:02:06:26 - [32minfo[39m: [32mConnected to MongoDB![39m
2023-10-31 16:02:06:26 - [32minfo[39m: [32mServer listening on port 3000[39m
2023-10-31 16:02:07:27 - [35mhttp[39m: [35mGET /movie/654142193f5effc4a937ed33 404 169 - 1.214 ms[39m
[35m[39m
2023-10-31 16:02:53:253 - [32minfo[39m: [32mMovie found successfully[39m
2023-10-31 16:02:53:253 - [35mhttp[39m: [35mGET /api/movie/654142193f5effc4a937ed33 200 331 - 13.426 ms[39m
[35m[39m
2023-10-31 16:03:23:323 - [31merror[39m: [31mError: Cast to ObjectId failed for value "654142193f5effc4a937ed3" (type string) at path "_id" for model "Movie"[39m
2023-10-31 16:03:23:323 - [35mhttp[39m: [35mGET /api/movie/654142193f5effc4a937ed3 404 335 - 1.858 ms[39m
[35m[39m
2023-10-31 16:03:35:335 - [32minfo[39m: [32mMovie found successfully[39m
2023-10-31 16:03:35:335 - [35mhttp[39m: [35mGET /api/movie/654142193f5effc4a937ed33 200 331 - 2.555 ms[39m
[35m[39m
2023-10-31 16:04:10:410 - [32minfo[39m: [32mConnected to MongoDB![39m
2023-10-31 16:04:10:410 - [32minfo[39m: [32mServer listening on port 3000[39m
2023-10-31 16:04:15:415 - [35mhttp[39m: [35mGET /api/movie/654142193f5effc4a937ed34 404 27 - 6.783 ms[39m
[35m[39m
2023-10-31 16:04:27:427 - [31merror[39m: [31mError: Cast to ObjectId failed for value "654142193f5effc4a937ed3" (type string) at path "_id" for model "Movie"[39m
2023-10-31 16:04:27:427 - [35mhttp[39m: [35mGET /api/movie/654142193f5effc4a937ed3 404 335 - 2.046 ms[39m
[35m[39m
2023-10-31 16:04:40:440 - [32minfo[39m: [32mConnected to MongoDB![39m
2023-10-31 16:04:40:440 - [32minfo[39m: [32mServer listening on port 3000[39m
2023-10-31 16:04:41:441 - [32minfo[39m: [32mConnected to MongoDB![39m
2023-10-31 16:04:41:441 - [32minfo[39m: [32mServer listening on port 3000[39m
2023-10-31 16:04:50:450 - [32minfo[39m: [32mConnected to MongoDB![39m
2023-10-31 16:04:50:450 - [32minfo[39m: [32mServer listening on port 3000[39m
2023-10-31 16:05:01:51 - [32minfo[39m: [32mConnected to MongoDB![39m
2023-10-31 16:05:01:51 - [32minfo[39m: [32mServer listening on port 3000[39m
2023-10-31 16:05:04:54 - [32minfo[39m: [32mConnected to MongoDB![39m
2023-10-31 16:05:04:54 - [32minfo[39m: [32mServer listening on port 3000[39m
2023-10-31 16:05:18:518 - [32minfo[39m: [32mConnected to MongoDB![39m
2023-10-31 16:05:18:518 - [32minfo[39m: [32mServer listening on port 3000[39m
2023-10-31 16:05:21:521 - [31merror[39m: [31mError: Cast to ObjectId failed for value "654142193f5effc4a937ed3" (type string) at path "_id" for model "Movie"[39m
2023-10-31 16:05:21:521 - [35mhttp[39m: [35mGET /api/movie/654142193f5effc4a937ed3 404 335 - 4.525 ms[39m
[35m[39m
2023-10-31 16:05:22:522 - [31merror[39m: [31mError: Cast to ObjectId failed for value "654142193f5effc4a937ed3" (type string) at path "_id" for model "Movie"[39m
2023-10-31 16:05:22:522 - [35mhttp[39m: [35mGET /api/movie/654142193f5effc4a937ed3 404 335 - 1.279 ms[39m
[35m[39m
2023-10-31 16:05:26:526 - [31merror[39m: [31mError: Cast to ObjectId failed for value "65414219" (type string) at path "_id" for model "Movie"[39m
2023-10-31 16:05:26:526 - [35mhttp[39m: [35mGET /api/movie/65414219 404 290 - 0.948 ms[39m
[35m[39m
2023-10-31 16:05:27:527 - [31merror[39m: [31mError: Cast to ObjectId failed for value "65414219" (type string) at path "_id" for model "Movie"[39m
2023-10-31 16:05:27:527 - [35mhttp[39m: [35mGET /api/movie/65414219 404 290 - 1.394 ms[39m
[35m[39m
2023-10-31 16:05:52:552 - [32minfo[39m: [32mConnected to MongoDB![39m
2023-10-31 16:05:52:552 - [32minfo[39m: [32mServer listening on port 3000[39m
2023-10-31 16:05:57:557 - [32minfo[39m: [32mConnected to MongoDB![39m
2023-10-31 16:05:57:557 - [32minfo[39m: [32mServer listening on port 3000[39m
2023-10-31 16:06:09:69 - [32minfo[39m: [32mConnected to MongoDB![39m
2023-10-31 16:06:09:69 - [32minfo[39m: [32mServer listening on port 3000[39m
2023-10-31 16:06:11:611 - [32minfo[39m: [32mConnected to MongoDB![39m
2023-10-31 16:06:11:611 - [32minfo[39m: [32mServer listening on port 3000[39m
2023-10-31 16:06:13:613 - [32minfo[39m: [32mConnected to MongoDB![39m
2023-10-31 16:06:13:613 - [32minfo[39m: [32mServer listening on port 3000[39m
2023-10-31 16:06:14:614 - [35mhttp[39m: [35mGET /api/movie/65414219 422 31 - 2.106 ms[39m
[35m[39m
2023-10-31 16:06:22:622 - [32minfo[39m: [32mMovie found successfully[39m
2023-10-31 16:06:22:622 - [35mhttp[39m: [35mGET /api/movie/654142193f5effc4a937ed33 200 331 - 12.832 ms[39m
[35m[39m
2023-10-31 16:06:26:626 - [35mhttp[39m: [35mGET /api/movie/654142193f5effc4a937ed3 422 31 - 0.764 ms[39m
[35m[39m
2023-10-31 16:06:31:631 - [35mhttp[39m: [35mGET /api/movie/654142193f5effc4a937ed36 404 27 - 4.167 ms[39m
[35m[39m
2023-10-31 16:08:36:836 - [32minfo[39m: [32mConnected to MongoDB![39m
2023-10-31 16:08:36:836 - [32minfo[39m: [32mServer listening on port 3000[39m
2023-10-31 16:08:37:837 - [32minfo[39m: [32mConnected to MongoDB![39m
2023-10-31 16:08:37:837 - [32minfo[39m: [32mServer listening on port 3000[39m
2023-10-31 16:08:50:850 - [32minfo[39m: [32mConnected to MongoDB![39m
2023-10-31 16:08:50:850 - [32minfo[39m: [32mServer listening on port 3000[39m
2023-10-31 16:08:55:855 - [32minfo[39m: [32mConnected to MongoDB![39m
2023-10-31 16:08:55:855 - [32minfo[39m: [32mServer listening on port 3000[39m
2023-10-31 16:09:37:937 - [32minfo[39m: [32mConnected to MongoDB![39m
2023-10-31 16:09:37:937 - [32minfo[39m: [32mServer listening on port 3000[39m
2023-10-31 16:09:43:943 - [32minfo[39m: [32mConnected to MongoDB![39m
2023-10-31 16:09:43:943 - [32minfo[39m: [32mServer listening on port 3000[39m
2023-10-31 16:09:58:958 - [32minfo[39m: [32mConnected to MongoDB![39m
2023-10-31 16:09:58:958 - [32minfo[39m: [32mServer listening on port 3000[39m
2023-10-31 16:10:13:1013 - [32minfo[39m: [32mConnected to MongoDB![39m
2023-10-31 16:10:13:1013 - [32minfo[39m: [32mServer listening on port 3000[39m
2023-10-31 16:10:15:1015 - [32minfo[39m: [32mConnected to MongoDB![39m
2023-10-31 16:10:15:1015 - [32minfo[39m: [32mServer listening on port 3000[39m
2023-10-31 16:10:18:1018 - [32minfo[39m: [32mConnected to MongoDB![39m
2023-10-31 16:10:18:1018 - [32minfo[39m: [32mServer listening on port 3000[39m
2023-10-31 16:16:51:1651 - [32minfo[39m: [32mConnected to MongoDB![39m
2023-10-31 16:16:51:1651 - [32minfo[39m: [32mServer listening on port 3000[39m
2023-10-31 16:16:56:1656 - [32minfo[39m: [32mConnected to MongoDB![39m
2023-10-31 16:16:56:1656 - [32minfo[39m: [32mServer listening on port 3000[39m
2023-10-31 16:18:23:1823 - [32minfo[39m: [32mConnected to MongoDB![39m
2023-10-31 16:18:23:1823 - [32minfo[39m: [32mServer listening on port 3000[39m
2023-10-31 16:18:29:1829 - [32minfo[39m: [32mConnected to MongoDB![39m
2023-10-31 16:18:29:1829 - [32minfo[39m: [32mServer listening on port 3000[39m
2023-10-31 16:18:30:1830 - [32minfo[39m: [32mConnected to MongoDB![39m
2023-10-31 16:18:30:1830 - [32minfo[39m: [32mServer listening on port 3000[39m
2023-10-31 16:18:43:1843 - [32minfo[39m: [32mConnected to MongoDB![39m
2023-10-31 16:18:43:1843 - [32minfo[39m: [32mServer listening on port 3000[39m
2023-10-31 16:18:45:1845 - [32minfo[39m: [32mConnected to MongoDB![39m
2023-10-31 16:18:45:1845 - [32minfo[39m: [32mServer listening on port 3000[39m
2023-10-31 16:18:50:1850 - [32minfo[39m: [32mConnected to MongoDB![39m
2023-10-31 16:18:50:1850 - [32minfo[39m: [32mServer listening on port 3000[39m
2023-10-31 16:19:12:1912 - [32minfo[39m: [32mConnected to MongoDB![39m
2023-10-31 16:19:12:1912 - [32minfo[39m: [32mServer listening on port 3000[39m
2023-10-31 16:19:25:1925 - [32minfo[39m: [32mConnected to MongoDB![39m
2023-10-31 16:19:25:1925 - [32minfo[39m: [32mServer listening on port 3000[39m
2023-10-31 16:19:37:1937 - [32minfo[39m: [32mConnected to MongoDB![39m
2023-10-31 16:19:37:1937 - [32minfo[39m: [32mServer listening on port 3000[39m
2023-10-31 16:20:11:2011 - [32minfo[39m: [32mConnected to MongoDB![39m
2023-10-31 16:20:11:2011 - [32minfo[39m: [32mServer listening on port 3000[39m
2023-10-31 16:20:22:2022 - [32minfo[39m: [32mConnected to MongoDB![39m
2023-10-31 16:20:22:2022 - [32minfo[39m: [32mServer listening on port 3000[39m
2023-10-31 16:20:38:2038 - [32minfo[39m: [32mConnected to MongoDB![39m
2023-10-31 16:20:38:2038 - [32minfo[39m: [32mServer listening on port 3000[39m
2023-10-31 16:20:42:2042 - [32minfo[39m: [32mConnected to MongoDB![39m
2023-10-31 16:20:42:2042 - [32minfo[39m: [32mServer listening on port 3000[39m
2023-10-31 16:27:44:2744 - [32minfo[39m: [32mConnected to MongoDB![39m
2023-10-31 16:27:44:2744 - [32minfo[39m: [32mServer listening on port 3000[39m
2023-10-31 16:27:58:2758 - [32minfo[39m: [32mConnected to MongoDB![39m
2023-10-31 16:27:58:2758 - [32minfo[39m: [32mServer listening on port 3000[39m
2023-10-31 16:28:01:281 - [32minfo[39m: [32mConnected to MongoDB![39m
2023-10-31 16:28:01:281 - [32minfo[39m: [32mServer listening on port 3000[39m
2023-10-31 16:28:04:284 - [32minfo[39m: [32mConnected to MongoDB![39m
2023-10-31 16:28:04:284 - [32minfo[39m: [32mServer listening on port 3000[39m
2023-10-31 16:28:05:285 - [32minfo[39m: [32mConnected to MongoDB![39m
2023-10-31 16:28:05:285 - [32minfo[39m: [32mServer listening on port 3000[39m
2023-10-31 16:28:06:286 - [32minfo[39m: [32mConnected to MongoDB![39m
2023-10-31 16:28:06:286 - [32minfo[39m: [32mServer listening on port 3000[39m
2023-10-31 16:28:17:2817 - [32minfo[39m: [32mConnected to MongoDB![39m
2023-10-31 16:28:17:2817 - [32minfo[39m: [32mServer listening on port 3000[39m
2023-10-31 16:28:27:2827 - [32minfo[39m: [32mConnected to MongoDB![39m
2023-10-31 16:28:27:2827 - [32minfo[39m: [32mServer listening on port 3000[39m
2023-10-31 16:28:40:2840 - [32minfo[39m: [32mConnected to MongoDB![39m
2023-10-31 16:28:40:2840 - [32minfo[39m: [32mServer listening on port 3000[39m
2023-10-31 16:28:52:2852 - [32minfo[39m: [32mConnected to MongoDB![39m
2023-10-31 16:28:52:2852 - [32minfo[39m: [32mServer listening on port 3000[39m
2023-10-31 16:28:58:2858 - [32minfo[39m: [32mConnected to MongoDB![39m
2023-10-31 16:28:58:2858 - [32minfo[39m: [32mServer listening on port 3000[39m
2023-10-31 16:29:10:2910 - [32minfo[39m: [32mConnected to MongoDB![39m
2023-10-31 16:29:10:2910 - [32minfo[39m: [32mServer listening on port 3000[39m
2023-10-31 16:29:35:2935 - [32minfo[39m: [32mConnected to MongoDB![39m
2023-10-31 16:29:35:2935 - [32minfo[39m: [32mServer listening on port 3000[39m
2023-10-31 16:30:25:3025 - [32minfo[39m: [32mConnected to MongoDB![39m
2023-10-31 16:30:25:3025 - [32minfo[39m: [32mServer listening on port 3000[39m
2023-10-31 16:30:28:3028 - [32minfo[39m: [32mConnected to MongoDB![39m
2023-10-31 16:30:28:3028 - [32minfo[39m: [32mServer listening on port 3000[39m
2023-10-31 16:30:31:3031 - [32minfo[39m: [32mConnected to MongoDB![39m
2023-10-31 16:30:31:3031 - [32minfo[39m: [32mServer listening on port 3000[39m
2023-10-31 16:30:38:3038 - [32minfo[39m: [32mConnected to MongoDB![39m
2023-10-31 16:30:38:3038 - [32minfo[39m: [32mServer listening on port 3000[39m
2023-10-31 16:30:39:3039 - [32minfo[39m: [32mConnected to MongoDB![39m
2023-10-31 16:30:39:3039 - [32minfo[39m: [32mServer listening on port 3000[39m
2023-10-31 16:33:03:333 - [32minfo[39m: [32mConnected to MongoDB![39m
2023-10-31 16:33:03:333 - [32minfo[39m: [32mServer listening on port 3000[39m
2023-10-31 16:33:57:3357 - [32minfo[39m: [32mConnected to MongoDB![39m
2023-10-31 16:33:57:3357 - [32minfo[39m: [32mServer listening on port 3000[39m
2023-10-31 16:35:00:350 - [32minfo[39m: [32mConnected to MongoDB![39m
2023-10-31 16:35:00:350 - [32minfo[39m: [32mServer listening on port 3000[39m
2023-10-31 16:35:23:3523 - [32minfo[39m: [32mConnected to MongoDB![39m
2023-10-31 16:35:23:3523 - [32minfo[39m: [32mServer listening on port 3000[39m
2023-10-31 16:35:52:3552 - [32minfo[39m: [32mConnected to MongoDB![39m
2023-10-31 16:35:52:3552 - [32minfo[39m: [32mServer listening on port 3000[39m
2023-10-31 16:36:36:3636 - [32minfo[39m: [32mMovie found successfully[39m
2023-10-31 16:36:36:3636 - [35mhttp[39m: [35mGET /api/movie 200 13 - 9.169 ms[39m
[35m[39m
2023-10-31 16:37:08:378 - [32minfo[39m: [32mConnected to MongoDB![39m
2023-10-31 16:37:08:378 - [32minfo[39m: [32mServer listening on port 3000[39m
2023-10-31 16:37:09:379 - [32minfo[39m: [32mConnected to MongoDB![39m
2023-10-31 16:37:09:379 - [32minfo[39m: [32mServer listening on port 3000[39m
2023-10-31 16:37:35:3735 - [32minfo[39m: [32mConnected to MongoDB![39m
2023-10-31 16:37:35:3735 - [32minfo[39m: [32mServer listening on port 3000[39m
2023-10-31 16:38:03:383 - [32minfo[39m: [32mConnected to MongoDB![39m
2023-10-31 16:38:03:383 - [32minfo[39m: [32mServer listening on port 3000[39m
2023-10-31 16:38:11:3811 - [32minfo[39m: [32mMovie found successfully[39m
2023-10-31 16:38:11:3811 - [35mhttp[39m: [35mGET /api/movie 200 13 - 8.312 ms[39m
[35m[39m
2023-10-31 16:39:53:3953 - [35mhttp[39m: [35mPOST /api/movie 400 1058 - 11.900 ms[39m
[35m[39m
2023-10-31 16:40:24:4024 - [32minfo[39m: [32mConnected to MongoDB![39m
2023-10-31 16:40:24:4024 - [32minfo[39m: [32mServer listening on port 3000[39m
2023-10-31 16:40:26:4026 - [32minfo[39m: [32mConnected to MongoDB![39m
2023-10-31 16:40:26:4026 - [32minfo[39m: [32mServer listening on port 3000[39m
2023-10-31 16:40:27:4027 - [32minfo[39m: [32mConnected to MongoDB![39m
2023-10-31 16:40:27:4027 - [32minfo[39m: [32mServer listening on port 3000[39m
2023-10-31 16:40:29:4029 - [35mhttp[39m: [35mPOST /api/movie 400 1058 - 12.400 ms[39m
[35m[39m
2023-10-31 16:40:36:4036 - [32minfo[39m: [32mMovie created successfully[39m
2023-10-31 16:40:36:4036 - [35mhttp[39m: [35mPOST /api/movie 201 373 - 13.838 ms[39m
[35m[39m
2023-10-31 16:41:10:4110 - [32minfo[39m: [32mMovie found successfully[39m
2023-10-31 16:41:10:4110 - [35mhttp[39m: [35mGET /api/movie 200 337 - 6.300 ms[39m
[35m[39m
2023-10-31 16:42:31:4231 - [32minfo[39m: [32mConnected to MongoDB![39m
2023-10-31 16:42:31:4231 - [32minfo[39m: [32mServer listening on port 3000[39m
2023-10-31 16:42:35:4235 - [32minfo[39m: [32mConnected to MongoDB![39m
2023-10-31 16:42:35:4235 - [32minfo[39m: [32mServer listening on port 3000[39m
2023-10-31 16:44:16:4416 - [32minfo[39m: [32mConnected to MongoDB![39m
2023-10-31 16:44:16:4416 - [32minfo[39m: [32mServer listening on port 3000[39m
2023-10-31 16:45:04:454 - [32minfo[39m: [32mConnected to MongoDB![39m
2023-10-31 16:45:04:454 - [32minfo[39m: [32mServer listening on port 3000[39m
2023-10-31 16:45:10:4510 - [32minfo[39m: [32mConnected to MongoDB![39m
2023-10-31 16:45:10:4510 - [32minfo[39m: [32mServer listening on port 3000[39m
2023-10-31 16:45:15:4515 - [32minfo[39m: [32mConnected to MongoDB![39m
2023-10-31 16:45:15:4515 - [32minfo[39m: [32mServer listening on port 3000[39m
2023-10-31 16:45:29:4529 - [32minfo[39m: [32mConnected to MongoDB![39m
2023-10-31 16:45:29:4529 - [32minfo[39m: [32mServer listening on port 3000[39m
2023-10-31 16:45:40:4540 - [32minfo[39m: [32mConnected to MongoDB![39m
2023-10-31 16:45:40:4540 - [32minfo[39m: [32mServer listening on port 3000[39m
2023-10-31 16:46:25:4625 - [32minfo[39m: [32mConnected to MongoDB![39m
2023-10-31 16:46:25:4625 - [32minfo[39m: [32mServer listening on port 3000[39m
2023-10-31 16:46:27:4627 - [32minfo[39m: [32mConnected to MongoDB![39m
2023-10-31 16:46:27:4627 - [32minfo[39m: [32mServer listening on port 3000[39m
2023-10-31 16:47:34:4734 - [31merror[39m: [31mError: Cast to ObjectId failed for value "{ id: '65415834e83bbba222aec813' }" (type Object) at path "_id" for model "Movie"[39m
2023-10-31 16:47:34:4734 - [35mhttp[39m: [35mDELETE /api/movie/remove/65415834e83bbba222aec813 404 366 - 5.349 ms[39m
[35m[39m
2023-10-31 16:49:22:4922 - [32minfo[39m: [32mConnected to MongoDB![39m
2023-10-31 16:49:22:4922 - [32minfo[39m: [32mServer listening on port 3000[39m
2023-10-31 16:50:44:5044 - [32minfo[39m: [32mConnected to MongoDB![39m
2023-10-31 16:50:44:5044 - [32minfo[39m: [32mServer listening on port 3000[39m
2023-10-31 16:50:49:5049 - [35mhttp[39m: [35mDELETE /api/movie/remove/65415834e83bbba222aec81 422 31 - 1.709 ms[39m
[35m[39m
2023-10-31 16:50:53:5053 - [31merror[39m: [31mError: Cast to ObjectId failed for value "{ id: '65415834e83bbba222aec819' }" (type Object) at path "_id" for model "Movie"[39m
2023-10-31 16:50:53:5053 - [35mhttp[39m: [35mDELETE /api/movie/remove/65415834e83bbba222aec819 404 366 - 11.986 ms[39m
[35m[39m
2023-10-31 16:51:40:5140 - [31merror[39m: [31mError: Cast to ObjectId failed for value "{ id: '65415834e83bbba222aec819' }" (type Object) at path "_id" for model "Movie"[39m
2023-10-31 16:51:40:5140 - [35mhttp[39m: [35mDELETE /api/movie/remove/65415834e83bbba222aec819 404 366 - 2.222 ms[39m
[35m[39m
2023-10-31 16:51:43:5143 - [31merror[39m: [31mError: Cast to ObjectId failed for value "{ id: '65415834e83bbba222aec816' }" (type Object) at path "_id" for model "Movie"[39m
2023-10-31 16:51:43:5143 - [35mhttp[39m: [35mDELETE /api/movie/remove/65415834e83bbba222aec816 404 366 - 0.879 ms[39m
[35m[39m
2023-10-31 16:51:47:5147 - [35mhttp[39m: [35mDELETE /api/movie/remove/6541 422 31 - 0.313 ms[39m
[35m[39m
2023-10-31 16:52:44:5244 - [31merror[39m: [31mError: Cast to ObjectId failed for value "{ id: '65415834e83bbba222aec813' }" (type Object) at path "_id" for model "Movie"[39m
2023-10-31 16:52:44:5244 - [35mhttp[39m: [35mDELETE /api/movie/remove/65415834e83bbba222aec813 404 366 - 0.750 ms[39m
[35m[39m
2023-10-31 16:53:23:5323 - [32minfo[39m: [32mConnected to MongoDB![39m
2023-10-31 16:53:23:5323 - [32minfo[39m: [32mServer listening on port 3000[39m
2023-10-31 16:53:24:5324 - [32minfo[39m: [32mConnected to MongoDB![39m
2023-10-31 16:53:24:5324 - [32minfo[39m: [32mServer listening on port 3000[39m
2023-10-31 16:53:26:5326 - [32minfo[39m: [32mConnected to MongoDB![39m
2023-10-31 16:53:26:5326 - [32minfo[39m: [32mServer listening on port 3000[39m
2023-10-31 16:53:30:5330 - [32minfo[39m: [32mConnected to MongoDB![39m
2023-10-31 16:53:30:5330 - [32minfo[39m: [32mServer listening on port 3000[39m
2023-10-31 16:53:37:5337 - [32minfo[39m: [32mConnected to MongoDB![39m
2023-10-31 16:53:37:5337 - [32minfo[39m: [32mServer listening on port 3000[39m
2023-10-31 16:53:48:5348 - [32minfo[39m: [32mConnected to MongoDB![39m
2023-10-31 16:53:48:5348 - [32minfo[39m: [32mServer listening on port 3000[39m
2023-10-31 16:53:57:5357 - [32minfo[39m: [32mConnected to MongoDB![39m
2023-10-31 16:53:57:5357 - [32minfo[39m: [32mServer listening on port 3000[39m
2023-10-31 16:54:03:543 - [32minfo[39m: [32mConnected to MongoDB![39m
2023-10-31 16:54:03:543 - [32minfo[39m: [32mServer listening on port 3000[39m
2023-10-31 16:54:06:546 - [32minfo[39m: [32mConnected to MongoDB![39m
2023-10-31 16:54:06:546 - [32minfo[39m: [32mServer listening on port 3000[39m
2023-10-31 16:55:31:5531 - [32minfo[39m: [32mConnected to MongoDB![39m
2023-10-31 16:55:31:5531 - [32minfo[39m: [32mServer listening on port 3000[39m
2023-10-31 16:55:35:5535 - [31merror[39m: [31mError: Cast to ObjectId failed for value "{ id: '65415834e83bbba222aec813' }" (type Object) at path "_id" for model "Movie"[39m
2023-10-31 16:55:35:5535 - [35mhttp[39m: [35mDELETE /api/movie/remove/65415834e83bbba222aec813 404 366 - 5.065 ms[39m
[35m[39m
2023-10-31 16:55:48:5548 - [32minfo[39m: [32mConnected to MongoDB![39m
2023-10-31 16:55:48:5548 - [32minfo[39m: [32mServer listening on port 3000[39m
2023-10-31 16:56:08:568 - [32minfo[39m: [32mConnected to MongoDB![39m
2023-10-31 16:56:08:568 - [32minfo[39m: [32mServer listening on port 3000[39m
2023-10-31 16:56:10:5610 - [32minfo[39m: [32mConnected to MongoDB![39m
2023-10-31 16:56:10:5610 - [32minfo[39m: [32mServer listening on port 3000[39m
2023-10-31 16:56:12:5612 - [32minfo[39m: [32mConnected to MongoDB![39m
2023-10-31 16:56:12:5612 - [32minfo[39m: [32mServer listening on port 3000[39m
2023-10-31 16:56:41:5641 - [32minfo[39m: [32mConnected to MongoDB![39m
2023-10-31 16:56:41:5641 - [32minfo[39m: [32mServer listening on port 3000[39m
2023-10-31 16:56:42:5642 - [32minfo[39m: [32mConnected to MongoDB![39m
2023-10-31 16:56:42:5642 - [32minfo[39m: [32mServer listening on port 3000[39m
2023-10-31 16:56:45:5645 - [32minfo[39m: [32mConnected to MongoDB![39m
2023-10-31 16:56:45:5645 - [32minfo[39m: [32mServer listening on port 3000[39m
2023-10-31 16:56:47:5647 - [32minfo[39m: [32mConnected to MongoDB![39m
2023-10-31 16:56:47:5647 - [32minfo[39m: [32mServer listening on port 3000[39m
2023-10-31 16:56:50:5650 - [32minfo[39m: [32mConnected to MongoDB![39m
2023-10-31 16:56:50:5650 - [32minfo[39m: [32mServer listening on port 3000[39m
2023-10-31 16:56:58:5658 - [32minfo[39m: [32mConnected to MongoDB![39m
2023-10-31 16:56:58:5658 - [32minfo[39m: [32mServer listening on port 3000[39m
2023-10-31 16:57:08:578 - [32minfo[39m: [32mConnected to MongoDB![39m
2023-10-31 16:57:08:578 - [32minfo[39m: [32mServer listening on port 3000[39m
2023-10-31 16:57:10:5710 - [32minfo[39m: [32mConnected to MongoDB![39m
2023-10-31 16:57:10:5710 - [32minfo[39m: [32mServer listening on port 3000[39m
2023-10-31 16:57:16:5716 - [32minfo[39m: [32mConnected to MongoDB![39m
2023-10-31 16:57:16:5716 - [32minfo[39m: [32mServer listening on port 3000[39m
2023-10-31 16:57:53:5753 - [32minfo[39m: [32mConnected to MongoDB![39m
2023-10-31 16:57:53:5753 - [32minfo[39m: [32mServer listening on port 3000[39m
2023-10-31 16:58:08:588 - [32minfo[39m: [32mConnected to MongoDB![39m
2023-10-31 16:58:08:588 - [32minfo[39m: [32mServer listening on port 3000[39m
2023-10-31 16:58:20:5820 - [32minfo[39m: [32mConnected to MongoDB![39m
2023-10-31 16:58:20:5820 - [32minfo[39m: [32mServer listening on port 3000[39m
2023-10-31 16:58:22:5822 - [32minfo[39m: [32mConnected to MongoDB![39m
2023-10-31 16:58:22:5822 - [32minfo[39m: [32mServer listening on port 3000[39m
2023-10-31 16:58:38:5838 - [32minfo[39m: [32mConnected to MongoDB![39m
2023-10-31 16:58:38:5838 - [32minfo[39m: [32mServer listening on port 3000[39m
2023-10-31 16:58:51:5851 - [32minfo[39m: [32mConnected to MongoDB![39m
2023-10-31 16:58:51:5851 - [32minfo[39m: [32mServer listening on port 3000[39m
2023-10-31 16:58:58:5858 - [32minfo[39m: [32mConnected to MongoDB![39m
2023-10-31 16:58:58:5858 - [32minfo[39m: [32mServer listening on port 3000[39m
2023-10-31 16:59:27:5927 - [35mhttp[39m: [35mDELETE /api/movie/remove/65415834e83bbba222aec81 422 31 - 1.725 ms[39m
[35m[39m
2023-10-31 16:59:33:5933 - [35mhttp[39m: [35mDELETE /api/movie/remove/65415834e83bbba222aec811 404 27 - 5.625 ms[39m
[35m[39m
